{"C:\\Users\\Eduardo Reis\\Documents\\LGP\\sonae-bot\\bot\\services\\google_vision.js":{"path":"C:\\Users\\Eduardo Reis\\Documents\\LGP\\sonae-bot\\bot\\services\\google_vision.js","s":{"1":1,"2":1,"3":2,"4":2,"5":2,"6":2,"7":0,"8":1},"b":{"1":[2,0]},"f":{"1":2},"fnMap":{"1":{"name":"checkImage","line":11,"loc":{"start":{"line":11,"column":0},"end":{"line":11,"column":40}}}},"statementMap":{"1":{"start":{"line":1,"column":0},"end":{"line":4,"column":3}},"2":{"start":{"line":11,"column":0},"end":{"line":22,"column":1}},"3":{"start":{"line":12,"column":4},"end":{"line":21,"column":7}},"4":{"start":{"line":14,"column":8},"end":{"line":14,"column":58}},"5":{"start":{"line":16,"column":8},"end":{"line":20,"column":48}},"6":{"start":{"line":17,"column":12},"end":{"line":17,"column":57}},"7":{"start":{"line":20,"column":12},"end":{"line":20,"column":48}},"8":{"start":{"line":24,"column":0},"end":{"line":24,"column":32}}},"branchMap":{"1":{"line":16,"type":"if","locations":[{"start":{"line":16,"column":8},"end":{"line":16,"column":8}},{"start":{"line":16,"column":8},"end":{"line":16,"column":8}}]}}}}