{"C:\\Users\\Eduardo Reis\\Documents\\LGP\\sonae-bot\\bot\\services\\meteo.js":{"path":"C:\\Users\\Eduardo Reis\\Documents\\LGP\\sonae-bot\\bot\\services\\meteo.js","s":{"1":1,"2":1,"3":1,"4":10,"5":1,"6":17,"7":17,"8":17,"9":17,"10":17,"11":1,"12":2,"13":1,"14":1,"15":0,"16":1,"17":1,"18":1,"19":1,"20":2,"21":1,"22":1,"23":0,"24":1,"25":1,"26":1,"27":1,"28":17,"29":17,"30":8,"31":8,"32":1,"33":1,"34":1,"35":1,"36":1,"37":1,"38":1,"39":1,"40":1,"41":7,"42":1,"43":1,"44":1,"45":1,"46":1,"47":1,"48":1,"49":1,"50":1,"51":6,"52":1,"53":1,"54":1,"55":1,"56":1,"57":1,"58":1,"59":1,"60":1,"61":9,"62":1,"63":1,"64":2,"65":1},"b":{"1":[0,1],"2":[0,1],"3":[8,9],"4":[1,7],"5":[1,6],"6":[1,5],"7":[1,8]},"f":{"1":10,"2":17,"3":2,"4":1,"5":1,"6":2,"7":1,"8":2},"fnMap":{"1":{"name":"toCelsius","line":10,"loc":{"start":{"line":10,"column":0},"end":{"line":10,"column":22}}},"2":{"name":"timeConverter","line":19,"loc":{"start":{"line":19,"column":0},"end":{"line":19,"column":39}}},"3":{"name":"getWeatherByCityToday","line":38,"loc":{"start":{"line":38,"column":0},"end":{"line":38,"column":52}}},"4":{"name":"(anonymous_4)","line":40,"loc":{"start":{"line":40,"column":14},"end":{"line":40,"column":30}}},"5":{"name":"(anonymous_5)","line":59,"loc":{"start":{"line":59,"column":15},"end":{"line":59,"column":30}}},"6":{"name":"getWeatherByCityOnDay","line":73,"loc":{"start":{"line":73,"column":0},"end":{"line":73,"column":57}}},"7":{"name":"(anonymous_7)","line":75,"loc":{"start":{"line":75,"column":14},"end":{"line":75,"column":30}}},"8":{"name":"(anonymous_8)","line":165,"loc":{"start":{"line":165,"column":15},"end":{"line":165,"column":30}}}},"statementMap":{"1":{"start":{"line":1,"column":0},"end":{"line":1,"column":43}},"2":{"start":{"line":3,"column":0},"end":{"line":3,"column":49}},"3":{"start":{"line":10,"column":0},"end":{"line":12,"column":1}},"4":{"start":{"line":11,"column":4},"end":{"line":11,"column":22}},"5":{"start":{"line":19,"column":0},"end":{"line":28,"column":1}},"6":{"start":{"line":20,"column":4},"end":{"line":20,"column":46}},"7":{"start":{"line":21,"column":4},"end":{"line":21,"column":29}},"8":{"start":{"line":22,"column":4},"end":{"line":22,"column":34}},"9":{"start":{"line":23,"column":4},"end":{"line":26,"column":5}},"10":{"start":{"line":27,"column":4},"end":{"line":27,"column":16}},"11":{"start":{"line":38,"column":0},"end":{"line":62,"column":1}},"12":{"start":{"line":39,"column":4},"end":{"line":61,"column":11}},"13":{"start":{"line":41,"column":12},"end":{"line":41,"column":48}},"14":{"start":{"line":43,"column":12},"end":{"line":44,"column":133}},"15":{"start":{"line":44,"column":16},"end":{"line":44,"column":133}},"16":{"start":{"line":48,"column":12},"end":{"line":56,"column":13}},"17":{"start":{"line":57,"column":12},"end":{"line":57,"column":24}},"18":{"start":{"line":60,"column":12},"end":{"line":60,"column":76}},"19":{"start":{"line":73,"column":0},"end":{"line":168,"column":1}},"20":{"start":{"line":74,"column":4},"end":{"line":167,"column":11}},"21":{"start":{"line":76,"column":12},"end":{"line":76,"column":48}},"22":{"start":{"line":78,"column":12},"end":{"line":79,"column":134}},"23":{"start":{"line":79,"column":16},"end":{"line":79,"column":134}},"24":{"start":{"line":81,"column":12},"end":{"line":81,"column":52}},"25":{"start":{"line":82,"column":12},"end":{"line":82,"column":36}},"26":{"start":{"line":85,"column":12},"end":{"line":114,"column":13}},"27":{"start":{"line":118,"column":12},"end":{"line":162,"column":13}},"28":{"start":{"line":119,"column":16},"end":{"line":119,"column":64}},"29":{"start":{"line":120,"column":16},"end":{"line":161,"column":17}},"30":{"start":{"line":121,"column":20},"end":{"line":121,"column":39}},"31":{"start":{"line":123,"column":20},"end":{"line":157,"column":21}},"32":{"start":{"line":124,"column":24},"end":{"line":124,"column":94}},"33":{"start":{"line":125,"column":24},"end":{"line":125,"column":80}},"34":{"start":{"line":126,"column":24},"end":{"line":126,"column":93}},"35":{"start":{"line":127,"column":24},"end":{"line":127,"column":88}},"36":{"start":{"line":128,"column":24},"end":{"line":128,"column":104}},"37":{"start":{"line":129,"column":24},"end":{"line":129,"column":92}},"38":{"start":{"line":130,"column":24},"end":{"line":130,"column":100}},"39":{"start":{"line":131,"column":24},"end":{"line":131,"column":100}},"40":{"start":{"line":132,"column":24},"end":{"line":132,"column":83}},"41":{"start":{"line":135,"column":25},"end":{"line":157,"column":21}},"42":{"start":{"line":136,"column":24},"end":{"line":136,"column":96}},"43":{"start":{"line":137,"column":24},"end":{"line":137,"column":82}},"44":{"start":{"line":138,"column":24},"end":{"line":138,"column":95}},"45":{"start":{"line":139,"column":24},"end":{"line":139,"column":90}},"46":{"start":{"line":140,"column":24},"end":{"line":140,"column":106}},"47":{"start":{"line":141,"column":24},"end":{"line":141,"column":94}},"48":{"start":{"line":142,"column":24},"end":{"line":142,"column":102}},"49":{"start":{"line":143,"column":24},"end":{"line":143,"column":102}},"50":{"start":{"line":144,"column":24},"end":{"line":144,"column":85}},"51":{"start":{"line":147,"column":25},"end":{"line":157,"column":21}},"52":{"start":{"line":148,"column":24},"end":{"line":148,"column":94}},"53":{"start":{"line":149,"column":24},"end":{"line":149,"column":80}},"54":{"start":{"line":150,"column":24},"end":{"line":150,"column":93}},"55":{"start":{"line":151,"column":24},"end":{"line":151,"column":88}},"56":{"start":{"line":152,"column":24},"end":{"line":152,"column":104}},"57":{"start":{"line":153,"column":24},"end":{"line":153,"column":92}},"58":{"start":{"line":154,"column":24},"end":{"line":154,"column":100}},"59":{"start":{"line":155,"column":24},"end":{"line":155,"column":100}},"60":{"start":{"line":156,"column":24},"end":{"line":156,"column":83}},"61":{"start":{"line":159,"column":23},"end":{"line":161,"column":17}},"62":{"start":{"line":160,"column":20},"end":{"line":160,"column":47}},"63":{"start":{"line":163,"column":12},"end":{"line":163,"column":24}},"64":{"start":{"line":166,"column":12},"end":{"line":166,"column":76}},"65":{"start":{"line":170,"column":0},"end":{"line":170,"column":66}}},"branchMap":{"1":{"line":43,"type":"if","locations":[{"start":{"line":43,"column":12},"end":{"line":43,"column":12}},{"start":{"line":43,"column":12},"end":{"line":43,"column":12}}]},"2":{"line":78,"type":"if","locations":[{"start":{"line":78,"column":12},"end":{"line":78,"column":12}},{"start":{"line":78,"column":12},"end":{"line":78,"column":12}}]},"3":{"line":120,"type":"if","locations":[{"start":{"line":120,"column":16},"end":{"line":120,"column":16}},{"start":{"line":120,"column":16},"end":{"line":120,"column":16}}]},"4":{"line":123,"type":"if","locations":[{"start":{"line":123,"column":20},"end":{"line":123,"column":20}},{"start":{"line":123,"column":20},"end":{"line":123,"column":20}}]},"5":{"line":135,"type":"if","locations":[{"start":{"line":135,"column":25},"end":{"line":135,"column":25}},{"start":{"line":135,"column":25},"end":{"line":135,"column":25}}]},"6":{"line":147,"type":"if","locations":[{"start":{"line":147,"column":25},"end":{"line":147,"column":25}},{"start":{"line":147,"column":25},"end":{"line":147,"column":25}}]},"7":{"line":159,"type":"if","locations":[{"start":{"line":159,"column":23},"end":{"line":159,"column":23}},{"start":{"line":159,"column":23},"end":{"line":159,"column":23}}]}}},"C:\\Users\\Eduardo Reis\\Documents\\LGP\\sonae-bot\\bot\\services\\sharepoint\\sharepoint.js":{"path":"C:\\Users\\Eduardo Reis\\Documents\\LGP\\sonae-bot\\bot\\services\\sharepoint\\sharepoint.js","s":{"1":1,"2":1,"3":0,"4":0,"5":0,"6":0,"7":0,"8":0,"9":0,"10":0,"11":1,"12":2,"13":2,"14":2,"15":2,"16":2,"17":2,"18":0,"19":0,"20":1},"b":{},"f":{"1":0,"2":2},"fnMap":{"1":{"name":"getFileFromSharePoint","line":10,"loc":{"start":{"line":10,"column":0},"end":{"line":10,"column":51}}},"2":{"name":"getFileUrlFromSharePoint","line":35,"loc":{"start":{"line":35,"column":0},"end":{"line":35,"column":54}}}},"statementMap":{"1":{"start":{"line":2,"column":0},"end":{"line":2,"column":48}},"2":{"start":{"line":10,"column":0},"end":{"line":29,"column":1}},"3":{"start":{"line":11,"column":2},"end":{"line":11,"column":91}},"4":{"start":{"line":12,"column":2},"end":{"line":12,"column":54}},"5":{"start":{"line":14,"column":2},"end":{"line":17,"column":4}},"6":{"start":{"line":19,"column":2},"end":{"line":19,"column":52}},"7":{"start":{"line":21,"column":2},"end":{"line":28,"column":7}},"8":{"start":{"line":24,"column":6},"end":{"line":24,"column":30}},"9":{"start":{"line":26,"column":6},"end":{"line":26,"column":79}},"10":{"start":{"line":27,"column":6},"end":{"line":27,"column":20}},"11":{"start":{"line":35,"column":0},"end":{"line":57,"column":1}},"12":{"start":{"line":36,"column":2},"end":{"line":36,"column":91}},"13":{"start":{"line":37,"column":2},"end":{"line":37,"column":47}},"14":{"start":{"line":39,"column":2},"end":{"line":42,"column":4}},"15":{"start":{"line":44,"column":2},"end":{"line":44,"column":52}},"16":{"start":{"line":46,"column":2},"end":{"line":56,"column":5}},"17":{"start":{"line":52,"column":4},"end":{"line":52,"column":34}},"18":{"start":{"line":54,"column":4},"end":{"line":54,"column":77}},"19":{"start":{"line":55,"column":4},"end":{"line":55,"column":18}},"20":{"start":{"line":84,"column":0},"end":{"line":84,"column":74}}},"branchMap":{}},"C:\\Users\\Eduardo Reis\\Documents\\LGP\\sonae-bot\\bot\\services\\google_vision.js":{"path":"C:\\Users\\Eduardo Reis\\Documents\\LGP\\sonae-bot\\bot\\services\\google_vision.js","s":{"1":1,"2":1,"3":2,"4":2,"5":2,"6":2,"7":0,"8":1},"b":{"1":[2,0]},"f":{"1":2},"fnMap":{"1":{"name":"checkImage","line":11,"loc":{"start":{"line":11,"column":0},"end":{"line":11,"column":40}}}},"statementMap":{"1":{"start":{"line":1,"column":0},"end":{"line":4,"column":3}},"2":{"start":{"line":11,"column":0},"end":{"line":22,"column":1}},"3":{"start":{"line":12,"column":4},"end":{"line":21,"column":7}},"4":{"start":{"line":14,"column":8},"end":{"line":14,"column":58}},"5":{"start":{"line":16,"column":8},"end":{"line":20,"column":48}},"6":{"start":{"line":17,"column":12},"end":{"line":17,"column":57}},"7":{"start":{"line":20,"column":12},"end":{"line":20,"column":48}},"8":{"start":{"line":24,"column":0},"end":{"line":24,"column":32}}},"branchMap":{"1":{"line":16,"type":"if","locations":[{"start":{"line":16,"column":8},"end":{"line":16,"column":8}},{"start":{"line":16,"column":8},"end":{"line":16,"column":8}}]}}}}