TN:
SF:C:\Users\Eduardo Reis\Documents\LGP\sonae-bot\bot\dialogs\global_purpose.js
FN:12,(anonymous_1)
FN:22,(anonymous_2)
FN:23,(anonymous_3)
FN:31,(anonymous_4)
FN:45,(anonymous_5)
FN:46,(anonymous_6)
FN:59,checkImage
FN:73,(anonymous_8)
FNF:8
FNH:1
FNDA:0,(anonymous_1)
FNDA:0,(anonymous_2)
FNDA:0,(anonymous_3)
FNDA:0,(anonymous_4)
FNDA:0,(anonymous_5)
FNDA:0,(anonymous_6)
FNDA:2,checkImage
FNDA:0,(anonymous_8)
DA:1,1
DA:2,1
DA:3,1
DA:5,1
DA:10,1
DA:12,1
DA:14,0
DA:16,0
DA:17,0
DA:19,0
DA:22,0
DA:23,0
DA:24,0
DA:26,0
DA:31,1
DA:32,0
DA:45,1
DA:46,0
DA:47,0
DA:48,0
DA:50,0
DA:59,1
DA:60,2
DA:62,2
DA:64,2
DA:65,2
DA:68,0
DA:73,1
DA:74,0
DA:77,1
LF:30
LH:15
BRDA:64,1,0,2
BRDA:64,1,1,0
BRF:2
BRH:1
end_of_record
