TN:
SF:C:\Users\Eduardo Reis\Documents\LGP\sonae-bot\bot\services\meteo.js
FN:11,toCelsius
FN:20,timeConverter
FN:39,getWeatherByCityToday
FN:41,(anonymous_4)
FN:60,(anonymous_5)
FN:74,getWeatherByCityOnDay
FN:76,(anonymous_7)
FN:166,(anonymous_8)
FNF:8
FNH:8
FNDA:10,toCelsius
FNDA:20,timeConverter
FNDA:2,getWeatherByCityToday
FNDA:1,(anonymous_4)
FNDA:1,(anonymous_5)
FNDA:2,getWeatherByCityOnDay
FNDA:1,(anonymous_7)
FNDA:1,(anonymous_8)
DA:2,1
DA:4,1
DA:11,1
DA:12,10
DA:20,1
DA:21,20
DA:22,20
DA:23,20
DA:24,20
DA:28,20
DA:39,1
DA:40,2
DA:42,1
DA:44,1
DA:45,0
DA:49,1
DA:58,1
DA:61,1
DA:74,1
DA:75,2
DA:77,1
DA:79,1
DA:80,0
DA:82,1
DA:83,1
DA:86,1
DA:119,1
DA:120,20
DA:121,20
DA:122,8
DA:124,8
DA:125,1
DA:126,1
DA:127,1
DA:128,1
DA:129,1
DA:130,1
DA:131,1
DA:132,1
DA:133,1
DA:136,7
DA:137,1
DA:138,1
DA:139,1
DA:140,1
DA:141,1
DA:142,1
DA:143,1
DA:144,1
DA:145,1
DA:148,6
DA:149,1
DA:150,1
DA:151,1
DA:152,1
DA:153,1
DA:154,1
DA:155,1
DA:156,1
DA:157,1
DA:160,12
DA:161,1
DA:164,1
DA:167,1
DA:171,1
LF:65
LH:63
BRDA:44,1,0,0
BRDA:44,1,1,1
BRDA:79,2,0,0
BRDA:79,2,1,1
BRDA:121,3,0,8
BRDA:121,3,1,12
BRDA:124,4,0,1
BRDA:124,4,1,7
BRDA:136,5,0,1
BRDA:136,5,1,6
BRDA:148,6,0,1
BRDA:148,6,1,5
BRDA:160,7,0,1
BRDA:160,7,1,11
BRF:14
BRH:12
end_of_record
TN:
SF:C:\Users\Eduardo Reis\Documents\LGP\sonae-bot\bot\services\sharepoint\sharepoint.js
FN:10,getFileFromSharePoint
FN:35,getFileUrlFromSharePoint
FNF:2
FNH:1
FNDA:0,getFileFromSharePoint
FNDA:2,getFileUrlFromSharePoint
DA:2,1
DA:10,1
DA:11,0
DA:12,0
DA:14,0
DA:19,0
DA:21,0
DA:24,0
DA:26,0
DA:27,0
DA:35,1
DA:36,2
DA:37,2
DA:39,2
DA:44,2
DA:46,2
DA:52,2
DA:54,0
DA:55,0
DA:84,1
LF:20
LH:10
BRF:0
BRH:0
end_of_record
TN:
SF:C:\Users\Eduardo Reis\Documents\LGP\sonae-bot\bot\services\googleVision.js
FN:11,checkImage
FNF:1
FNH:1
FNDA:2,checkImage
DA:1,1
DA:11,1
DA:12,2
DA:14,2
DA:16,2
DA:17,2
DA:20,0
DA:24,1
LF:8
LH:7
BRDA:16,1,0,2
BRDA:16,1,1,0
BRF:2
BRH:1
end_of_record
